[[1;34mINFO[m] Scanning for projects...
[[1;34mINFO[m] 
[[1;34mINFO[m] [1m----------------------< [0;36mcom.finova:eureka-server[0;1m >----------------------[m
[[1;34mINFO[m] [1mBuilding eureka-server 1.0.0[m
[[1;34mINFO[m] [1m--------------------------------[ jar ]---------------------------------[m
[[1;34mINFO[m] 
[[1;34mINFO[m] [1m>>> [0;32mspring-boot-maven-plugin:2.6.7:run[m [1m(default-cli)[0;1m > [0;1mtest-compile[m @ [36meureka-server[0;1m >>>[m
[[1;34mINFO[m] 
[[1;34mINFO[m] [1m--- [0;32mmaven-resources-plugin:3.2.0:resources[m [1m(default-resources)[m @ [36meureka-server[0;1m ---[m
[[1;34mINFO[m] Using 'UTF-8' encoding to copy filtered resources.
[[1;34mINFO[m] Using 'UTF-8' encoding to copy filtered properties files.
[[1;34mINFO[m] Copying 1 resource
[[1;34mINFO[m] Copying 0 resource
[[1;34mINFO[m] 
[[1;34mINFO[m] [1m--- [0;32mmaven-compiler-plugin:3.8.1:compile[m [1m(default-compile)[m @ [36meureka-server[0;1m ---[m
[[1;34mINFO[m] Changes detected - recompiling the module!
[[1;34mINFO[m] Compiling 1 source file to /mnt/c/Users/36202/OneDrive/Desktop/FinovaBank/backend/eureka-server/target/classes
[[1;34mINFO[m] 
[[1;34mINFO[m] [1m--- [0;32mmaven-resources-plugin:3.2.0:testResources[m [1m(default-testResources)[m @ [36meureka-server[0;1m ---[m
[[1;34mINFO[m] Using 'UTF-8' encoding to copy filtered resources.
[[1;34mINFO[m] Using 'UTF-8' encoding to copy filtered properties files.
[[1;34mINFO[m] skip non existing resourceDirectory /mnt/c/Users/36202/OneDrive/Desktop/FinovaBank/backend/eureka-server/src/test/resources
[[1;34mINFO[m] 
[[1;34mINFO[m] [1m--- [0;32mmaven-compiler-plugin:3.8.1:testCompile[m [1m(default-testCompile)[m @ [36meureka-server[0;1m ---[m
[[1;34mINFO[m] No sources to compile
[[1;34mINFO[m] 
[[1;34mINFO[m] [1m<<< [0;32mspring-boot-maven-plugin:2.6.7:run[m [1m(default-cli)[0;1m < [0;1mtest-compile[m @ [36meureka-server[0;1m <<<[m
[[1;34mINFO[m] 
[[1;34mINFO[m] 
[[1;34mINFO[m] [1m--- [0;32mspring-boot-maven-plugin:2.6.7:run[m [1m(default-cli)[m @ [36meureka-server[0;1m ---[m
[[1;34mINFO[m] Attaching agents: []

  .   ____          _            __ _ _
 /\\ / ___'_ __ _ _(_)_ __  __ _ \ \ \ \
( ( )\___ | '_ | '_| | '_ \/ _` | \ \ \ \
 \\/  ___)| |_)| | | | | || (_| |  ) ) ) )
  '  |____| .__|_| |_|_| |_\__, | / / / /
 =========|_|==============|___/=/_/_/_/
 :: Spring Boot ::                (v2.6.7)

2024-11-28 22:41:42.411  INFO 227420 --- [           main] c.f.e.EurekaServerApplication            : Starting EurekaServerApplication using Java 21.0.5 on RW50 with PID 227420 (/mnt/c/Users/36202/OneDrive/Desktop/FinovaBank/backend/eureka-server/target/classes started by abrarahmed in /mnt/c/Users/36202/OneDrive/Desktop/FinovaBank/backend/eureka-server)
2024-11-28 22:41:42.419  INFO 227420 --- [           main] c.f.e.EurekaServerApplication            : No active profile set, falling back to 1 default profile: "default"
2024-11-28 22:41:44.875  INFO 227420 --- [           main] .s.d.r.c.RepositoryConfigurationDelegate : Bootstrapping Spring Data JPA repositories in DEFAULT mode.
2024-11-28 22:41:44.931  INFO 227420 --- [           main] .s.d.r.c.RepositoryConfigurationDelegate : Finished Spring Data repository scanning in 27 ms. Found 0 JPA repository interfaces.
2024-11-28 22:41:45.666  INFO 227420 --- [           main] o.s.cloud.context.scope.GenericScope     : BeanFactory id=874114e1-42b3-3e47-99a8-faf90ccf3bbe
2024-11-28 22:41:47.036  INFO 227420 --- [           main] o.s.b.w.embedded.tomcat.TomcatWebServer  : Tomcat initialized with port(s): 8001 (http)
2024-11-28 22:41:47.063  INFO 227420 --- [           main] o.apache.catalina.core.StandardService   : Starting service [Tomcat]
2024-11-28 22:41:47.064  INFO 227420 --- [           main] org.apache.catalina.core.StandardEngine  : Starting Servlet engine: [Apache Tomcat/9.0.62]
2024-11-28 22:41:47.269  INFO 227420 --- [           main] o.a.c.c.C.[Tomcat].[localhost].[/]       : Initializing Spring embedded WebApplicationContext
2024-11-28 22:41:47.270  INFO 227420 --- [           main] w.s.c.ServletWebServerApplicationContext : Root WebApplicationContext: initialization completed in 4739 ms
2024-11-28 22:41:48.234  INFO 227420 --- [           main] c.s.j.s.i.a.WebApplicationImpl           : Initiating Jersey application, version 'Jersey: 1.19.4 05/24/2017 03:20 PM'
2024-11-28 22:41:48.536  INFO 227420 --- [           main] c.n.d.provider.DiscoveryJerseyProvider   : Using JSON encoding codec LegacyJacksonJson
2024-11-28 22:41:48.539  INFO 227420 --- [           main] c.n.d.provider.DiscoveryJerseyProvider   : Using JSON decoding codec LegacyJacksonJson
2024-11-28 22:41:49.024  INFO 227420 --- [           main] c.n.d.provider.DiscoveryJerseyProvider   : Using XML encoding codec XStreamXml
2024-11-28 22:41:49.025  INFO 227420 --- [           main] c.n.d.provider.DiscoveryJerseyProvider   : Using XML decoding codec XStreamXml
2024-11-28 22:41:50.443  INFO 227420 --- [           main] com.zaxxer.hikari.HikariDataSource       : HikariPool-1 - Starting...
2024-11-28 22:41:51.093  INFO 227420 --- [           main] com.zaxxer.hikari.HikariDataSource       : HikariPool-1 - Start completed.
2024-11-28 22:41:51.262  INFO 227420 --- [           main] o.hibernate.jpa.internal.util.LogHelper  : HHH000204: Processing PersistenceUnitInfo [name: default]
2024-11-28 22:41:51.500  INFO 227420 --- [           main] org.hibernate.Version                    : HHH000412: Hibernate ORM core version 5.6.8.Final
2024-11-28 22:41:52.294  INFO 227420 --- [           main] o.hibernate.annotations.common.Version   : HCANN000001: Hibernate Commons Annotations {5.1.2.Final}
2024-11-28 22:41:52.949  INFO 227420 --- [           main] org.hibernate.dialect.Dialect            : HHH000400: Using dialect: org.hibernate.dialect.H2Dialect
2024-11-28 22:41:53.950  INFO 227420 --- [           main] o.h.e.t.j.p.i.JtaPlatformInitiator       : HHH000490: Using JtaPlatform implementation: [org.hibernate.engine.transaction.jta.platform.internal.NoJtaPlatform]
2024-11-28 22:41:53.993  INFO 227420 --- [           main] j.LocalContainerEntityManagerFactoryBean : Initialized JPA EntityManagerFactory for persistence unit 'default'
2024-11-28 22:41:54.126  WARN 227420 --- [           main] JpaBaseConfiguration$JpaWebConfiguration : spring.jpa.open-in-view is enabled by default. Therefore, database queries may be performed during view rendering. Explicitly configure spring.jpa.open-in-view to disable this warning
2024-11-28 22:41:55.678  INFO 227420 --- [           main] DiscoveryClientOptionalArgsConfiguration : Eureka HTTP Client uses Jersey
2024-11-28 22:41:55.847  WARN 227420 --- [           main] iguration$LoadBalancerCaffeineWarnLogger : Spring Cloud LoadBalancer is currently working with the default cache. While this cache implementation is useful for development and tests, it's recommended to use Caffeine cache in production.You can switch to using Caffeine cache, by adding it and org.springframework.cache.caffeine.CaffeineCacheManager to the classpath.
2024-11-28 22:41:55.925  INFO 227420 --- [           main] o.s.c.n.eureka.InstanceInfoFactory       : Setting initial instance status as: STARTING
2024-11-28 22:41:56.071  INFO 227420 --- [           main] com.netflix.discovery.DiscoveryClient    : Initializing Eureka in region us-east-1
2024-11-28 22:41:56.071  INFO 227420 --- [           main] com.netflix.discovery.DiscoveryClient    : Client configured to neither register nor query for data.
2024-11-28 22:41:56.111  INFO 227420 --- [           main] com.netflix.discovery.DiscoveryClient    : Discovery Client initialized at timestamp 1732830116110 with initial instances count: 0
2024-11-28 22:41:56.252  INFO 227420 --- [           main] c.n.eureka.DefaultEurekaServerContext    : Initializing ...
2024-11-28 22:41:56.258  WARN 227420 --- [           main] c.n.eureka.cluster.PeerEurekaNodes       : The replica size seems to be empty. Check the route 53 DNS Registry
2024-11-28 22:41:56.377  INFO 227420 --- [           main] c.n.e.registry.AbstractInstanceRegistry  : Finished initializing remote region registries. All known remote regions: []
2024-11-28 22:41:56.379  INFO 227420 --- [           main] c.n.eureka.DefaultEurekaServerContext    : Initialized
2024-11-28 22:41:56.391  INFO 227420 --- [           main] o.s.b.a.e.web.EndpointLinksResolver      : Exposing 1 endpoint(s) beneath base path '/actuator'
2024-11-28 22:41:56.439  INFO 227420 --- [           main] o.s.c.n.e.s.EurekaServiceRegistry        : Registering application EUREKA-SERVER with eureka with status UP
2024-11-28 22:41:56.445  INFO 227420 --- [       Thread-9] o.s.c.n.e.server.EurekaServerBootstrap   : Setting the eureka configuration..
2024-11-28 22:41:56.479  INFO 227420 --- [           main] o.s.b.w.embedded.tomcat.TomcatWebServer  : Tomcat started on port(s): 8001 (http) with context path ''
2024-11-28 22:41:56.480  INFO 227420 --- [           main] .s.c.n.e.s.EurekaAutoServiceRegistration : Updating port to 8001
2024-11-28 22:41:56.484  INFO 227420 --- [       Thread-9] o.s.c.n.e.server.EurekaServerBootstrap   : isAws returned false
2024-11-28 22:41:56.488  INFO 227420 --- [       Thread-9] o.s.c.n.e.server.EurekaServerBootstrap   : Initialized server context
2024-11-28 22:41:56.488  INFO 227420 --- [       Thread-9] c.n.e.r.PeerAwareInstanceRegistryImpl    : Got 1 instances from neighboring DS node
2024-11-28 22:41:56.488  INFO 227420 --- [       Thread-9] c.n.e.r.PeerAwareInstanceRegistryImpl    : Renew threshold is: 1
2024-11-28 22:41:56.489  INFO 227420 --- [       Thread-9] c.n.e.r.PeerAwareInstanceRegistryImpl    : Changing status to UP
2024-11-28 22:41:56.503  INFO 227420 --- [       Thread-9] e.s.EurekaServerInitializerConfiguration : Started Eureka Server
2024-11-28 22:41:56.504  INFO 227420 --- [           main] c.f.e.EurekaServerApplication            : Started EurekaServerApplication in 15.567 seconds (JVM running for 16.308)
2024-11-28 22:42:23.199  INFO 227420 --- [nio-8001-exec-2] o.a.c.c.C.[Tomcat].[localhost].[/]       : Initializing Spring DispatcherServlet 'dispatcherServlet'
2024-11-28 22:42:23.199  INFO 227420 --- [nio-8001-exec-2] o.s.web.servlet.DispatcherServlet        : Initializing Servlet 'dispatcherServlet'
2024-11-28 22:42:23.200  INFO 227420 --- [nio-8001-exec-2] o.s.web.servlet.DispatcherServlet        : Completed initialization in 1 ms
2024-11-28 22:42:23.972  INFO 227420 --- [nio-8001-exec-3] c.n.e.registry.AbstractInstanceRegistry  : Registered instance API-GATEWAY/10.255.255.254:api-gateway:8002 with status UP (replication=false)
2024-11-28 22:42:50.802  INFO 227420 --- [nio-8001-exec-5] c.n.e.registry.AbstractInstanceRegistry  : Registered instance ACCOUNT-MANAGEMENT-SERVICE/10.255.255.254:account-management-service:8003 with status UP (replication=false)
2024-11-28 22:42:56.491  INFO 227420 --- [a-EvictionTimer] c.n.e.registry.AbstractInstanceRegistry  : Running the evict task with compensationTime 0ms
2024-11-28 22:43:26.215  INFO 227420 --- [nio-8001-exec-3] c.n.e.registry.AbstractInstanceRegistry  : Registered instance COMPLIANCE-SERVICE/10.255.255.254:compliance-service:8004 with status UP (replication=false)
2024-11-28 22:43:56.491  INFO 227420 --- [a-EvictionTimer] c.n.e.registry.AbstractInstanceRegistry  : Running the evict task with compensationTime 0ms
2024-11-28 22:44:02.278  INFO 227420 --- [nio-8001-exec-1] c.n.e.registry.AbstractInstanceRegistry  : Registered instance LOAN-SERVICE/10.255.255.254:loan-service:8005 with status UP (replication=false)
2024-11-28 22:44:36.046  INFO 227420 --- [nio-8001-exec-1] c.n.e.registry.AbstractInstanceRegistry  : Registered instance NOTIFICATION-SERVICE/10.255.255.254:notification-service:8006 with status UP (replication=false)
2024-11-28 22:44:56.491  INFO 227420 --- [a-EvictionTimer] c.n.e.registry.AbstractInstanceRegistry  : Running the evict task with compensationTime 0ms
2024-11-28 22:45:15.654  INFO 227420 --- [nio-8001-exec-3] c.n.e.registry.AbstractInstanceRegistry  : Registered instance REPORTING-SERVICE/10.255.255.254:reporting-service:8007 with status UP (replication=false)
2024-11-28 22:45:56.491  INFO 227420 --- [a-EvictionTimer] c.n.e.registry.AbstractInstanceRegistry  : Running the evict task with compensationTime 0ms
2024-11-28 22:45:56.507  INFO 227420 --- [nio-8001-exec-3] c.n.e.registry.AbstractInstanceRegistry  : Registered instance RISK-ASSESSMENT-SERVICE/10.255.255.254:risk-assessment-service:8008 with status UP (replication=false)
2024-11-28 22:46:34.279  INFO 227420 --- [nio-8001-exec-1] c.n.e.registry.AbstractInstanceRegistry  : Registered instance SAVINGS-GOALS-SERVICE/10.255.255.254:savings-goals-service:8009 with status UP (replication=false)
2024-11-28 22:46:56.492  INFO 227420 --- [a-EvictionTimer] c.n.e.registry.AbstractInstanceRegistry  : Running the evict task with compensationTime 0ms
2024-11-28 22:47:09.797  INFO 227420 --- [nio-8001-exec-1] c.n.e.registry.AbstractInstanceRegistry  : Registered instance TRANSACTION-SERVICE/10.255.255.254:transaction-service:8010 with status UP (replication=false)
2024-11-28 22:47:25.745  INFO 227420 --- [ionShutdownHook] o.s.c.n.e.s.EurekaServiceRegistry        : Unregistering application EUREKA-SERVER with eureka with status DOWN
2024-11-28 22:47:25.771  INFO 227420 --- [ionShutdownHook] o.s.c.n.e.server.EurekaServerBootstrap   : Shutting down Eureka Server..
2024-11-28 22:47:25.776  INFO 227420 --- [ionShutdownHook] c.n.eureka.DefaultEurekaServerContext    : Shutting down ...
2024-11-28 22:47:25.810  INFO 227420 --- [ionShutdownHook] c.n.eureka.DefaultEurekaServerContext    : Shut down
2024-11-28 22:47:25.810  INFO 227420 --- [ionShutdownHook] o.s.c.n.e.server.EurekaServerBootstrap   : Eureka Service is now shutdown...
2024-11-28 22:47:25.811  INFO 227420 --- [ionShutdownHook] c.n.eureka.DefaultEurekaServerContext    : Shutting down ...
2024-11-28 22:47:25.816  INFO 227420 --- [ionShutdownHook] c.n.eureka.DefaultEurekaServerContext    : Shut down
2024-11-28 22:47:25.826  INFO 227420 --- [ionShutdownHook] j.LocalContainerEntityManagerFactoryBean : Closing JPA EntityManagerFactory for persistence unit 'default'
2024-11-28 22:47:25.827  INFO 227420 --- [ionShutdownHook] .SchemaDropperImpl$DelayedDropActionImpl : HHH000477: Starting delayed evictData of schema as part of SessionFactory shut-down'
2024-11-28 22:47:25.833  INFO 227420 --- [ionShutdownHook] com.zaxxer.hikari.HikariDataSource       : HikariPool-1 - Shutdown initiated...
2024-11-28 22:47:25.836  INFO 227420 --- [ionShutdownHook] com.zaxxer.hikari.HikariDataSource       : HikariPool-1 - Shutdown completed.
2024-11-28 22:47:25.838  INFO 227420 --- [ionShutdownHook] com.netflix.discovery.DiscoveryClient    : Shutting down DiscoveryClient ...
2024-11-28 22:47:25.839  INFO 227420 --- [ionShutdownHook] com.netflix.discovery.DiscoveryClient    : Completed shut down of DiscoveryClient
